GET	/api/v1/on-covid-19/logs	200	13ms
GET	/api/v1/on-covid-19/logs	200	04ms
GET	/api/v1/on-covid-19/logs	200	01ms
GET	/api/v1/on-covid-19/logs	200	01ms
GET	/api/v1/on-covid-19/logs	200	01ms
GET	/api/v1/on-covid-19/logs	200	01ms
GET	/api/v1/on-covid-19/logs	200	01ms
GET	/api/v1/on-covid-19/logs	200	01ms
GET	/api/v1/on-covid-19/logs	200	01ms
GET	/api/v1/on-covid-19/logs	200	01ms
GET	/api/v1/on-covid-19/logs	200	02ms
GET	/api/v1/on-covid-19/logs	200	02ms
GET	/api/v1/on-covid-19/logs	200	14ms
GET	/api/v1/on-covid-19/logs	200	03ms
GET	/api/v1/on-covid-19/logs	200	02ms
GET	/api/v1/on-covid-19/logs	200	02ms
GET	/api/v1/on-covid-19/logs	200	02ms
GET	/api/v1/on-covid-19/logs	200	03ms
GET	/api/v1/on-covid-19/logs	200	02ms
GET	/api/v1/on-covid-19/logs	200	02ms
GET	/api/v1/on-covid-19/logs	200	02ms
GET	/api/v1/on-covid-19/logs	200	03ms
GET	/api/v1/on-covid-19/logs	200	03ms
GET	/api/v1/on-covid-19/logs	200	05ms
GET	/api/v1/on-covid-19/logs	200	05ms
GET	/api/v1/on-covid-19/logs	200	04ms
GET	/api/v1/on-covid-19/logs	200	03ms
GET	/api/v1/on-covid-19/logs	200	03ms
POST	/api/v1/on-covid-19/json	200	08ms
GET	/api/v1/on-covid-19/logs	200	03ms
GET	/	200	06ms
GET	/sw.js	404	03ms
GET	/sw.js	404	01ms
GET	/sw.js	404	141ms
GET	/sw.js	404	01ms
GET	/	200	03ms
GET	/sw.js	404	02ms
GET	/sw.js	404	01ms
GET	/	304	136ms
GET	/favicon.ico	404	02ms
GET	/sw.js	404	01ms
GET	/	304	01ms
GET	/sw.js	404	01ms
GET	/	500	17ms
GET	/sw.js	404	01ms
GET	/sw.js	404	01ms
GET	/	500	17ms
GET	/sw.js	404	01ms
GET	/	500	03ms
GET	/	500	02ms
GET	/	500	04ms
GET	/	500	02ms
GET	/sw.js	404	01ms
GET	/	404	03ms
GET	/sw.js	404	01ms
GET	/	404	03ms
GET	/sw.js	404	01ms
GET	/	500	05ms
GET	/sw.js	404	01ms
GET	/	500	18ms
GET	/sw.js	404	01ms
GET	/sw.js	404	01ms
GET	/	500	07ms
GET	/sw.js	404	01ms
GET	/	500	07ms
GET	/sw.js	404	01ms
GET	/	500	139ms
GET	/sw.js	404	01ms
GET	/sw.js	404	03ms
GET	/	500	35ms
GET	/sw.js	404	01ms
GET	/	500	02ms
GET	/sw.js	404	01ms
GET	/sw.js	404	01ms
GET	/	200	12ms
GET	/css/jumia.css	404	01ms
GET	/sw.js	404	01ms
GET	/	200	06ms
GET	/css/jumia.css	404	01ms
GET	/sw.js	404	01ms
GET	/sw.js	404	00ms
GET	/	200	04ms
GET	/css/jumia.css	404	01ms
GET	/sw.js	404	01ms
GET	/sw.js	404	00ms
GET	/	304	05ms
GET	/css/jumia.css	404	02ms
GET	/sw.js	404	01ms
GET	/sw.js	404	01ms
GET	/	500	08ms
GET	/sw.js	404	00ms
GET	/	200	06ms
GET	/materialize/css/materialize.css	404	01ms
GET	/css/jumia.css	404	01ms
GET	/materialize/css/materialize.min.css	404	00ms
GET	/jumia.js	404	01ms
GET	/materialize/js/materialize.js	404	01ms
GET	/materialize/js/materialize.min.js	404	01ms
GET	/materialize/css/materialize.css	404	01ms
GET	/materialize/css/materialize.min.css	404	01ms
GET	/jumia.js	404	01ms
GET	/materialize/js/materialize.js	404	00ms
GET	/materialize/js/materialize.min.js	404	00ms
GET	/sw.js	404	00ms
GET	/sw.js	404	01ms
GET	/	200	05ms
GET	/css/jumia.css	404	00ms
GET	/materialize/css/materialize.css	404	01ms
GET	/materialize/css/materialize.min.css	404	02ms
GET	/jumia.js	404	02ms
GET	/materialize/js/materialize.js	404	02ms
GET	/materialize/js/materialize.min.js	404	42ms
GET	/materialize/css/materialize.css	404	01ms
GET	/jumia.js	404	01ms
GET	/materialize/js/materialize.js	404	00ms
GET	/materialize/js/materialize.min.js	404	01ms
GET	/sw.js	404	00ms
GET	/	304	04ms
GET	/css/jumia.css	404	01ms
GET	/materialize/css/materialize.css	404	02ms
GET	/materialize/css/materialize.min.css	404	02ms
GET	/jumia.js	404	03ms
GET	/materialize/js/materialize.js	404	01ms
GET	/materialize/js/materialize.min.js	404	01ms
GET	/materialize/css/materialize.css	404	00ms
GET	/materialize/css/materialize.min.css	404	00ms
GET	/jumia.js	404	00ms
GET	/materialize/js/materialize.js	404	00ms
GET	/materialize/js/materialize.min.js	404	00ms
GET	/sw.js	404	00ms
GET	/	200	04ms
GET	/css/jumia.css	404	01ms
GET	/materialize/css/materialize.css	404	02ms
GET	/materialize/js/materialize.js	404	03ms
GET	/materialize/css/materialize.min.css	404	03ms
GET	/jumia.js	404	02ms
GET	/materialize/js/materialize.min.js	404	02ms
GET	/jumia.js	404	00ms
GET	/materialize/js/materialize.js	404	01ms
GET	/materialize/js/materialize.min.js	404	00ms
GET	/sw.js	404	00ms
GET	/sw.js	404	00ms
GET	/	200	04ms
GET	/css/jumia.css	404	01ms
GET	/materialize/css/materialize.css	404	01ms
GET	/materialize/css/materialize.min.css	404	01ms
GET	/jumia.js	404	01ms
GET	/materialize/js/materialize.js	404	01ms
GET	/materialize/js/materialize.min.js	404	01ms
GET	/jumia.js	404	01ms
GET	/materialize/js/materialize.js	404	00ms
GET	/materialize/js/materialize.min.js	404	00ms
GET	/sw.js	404	00ms
GET	/	200	05ms
GET	/css/jumia.css	404	01ms
GET	/materialize/css/materialize.css	404	01ms
GET	/materialize/css/materialize.min.css	404	01ms
GET	/jumia.js	404	02ms
GET	/materialize/js/materialize.js	404	02ms
GET	/materialize/js/materialize.min.js	404	02ms
GET	/jumia.js	404	00ms
GET	/materialize/js/materialize.js	404	00ms
GET	/materialize/js/materialize.min.js	404	00ms
GET	/sw.js	404	00ms
GET	/sw.js	404	00ms
GET	/	200	06ms
GET	/css/jumia.css	404	01ms
GET	/materialize/css/materialize.css	404	02ms
GET	/materialize/css/materialize.min.css	404	01ms
GET	/jumia.js	404	02ms
GET	/materialize/js/materialize.js	404	02ms
GET	/materialize/js/materialize.min.js	404	02ms
GET	/sw.js	404	00ms
GET	/	200	03ms
GET	/css/jumia.css	404	01ms
GET	/materialize/css/materialize.css	404	01ms
GET	/materialize/css/materialize.min.css	404	02ms
GET	/jumia.js	404	02ms
GET	/materialize/js/materialize.js	404	01ms
GET	/materialize/js/materialize.min.js	404	01ms
GET	/sw.js	404	01ms
GET	/	200	04ms
GET	/css/jumia.css	404	01ms
GET	/materialize/css/materialize.css	404	01ms
GET	/materialize/css/materialize.min.css	404	01ms
GET	/jumia.js	404	01ms
GET	/materialize/js/materialize.js	404	06ms
GET	/materialize/js/materialize.min.js	404	01ms
GET	/sw.js	404	00ms
GET	/	200	04ms
GET	/css/jumia.css	404	01ms
GET	/materialize/css/materialize.css	404	01ms
GET	/materialize/css/materialize.min.css	404	01ms
GET	/jumia.js	404	01ms
GET	/materialize/js/materialize.js	404	01ms
GET	/materialize/js/materialize.min.js	404	01ms
GET	/materialize/css/materialize.css	404	00ms
GET	/jumia.js	404	00ms
GET	/materialize/js/materialize.js	404	00ms
GET	/materialize/js/materialize.min.js	404	00ms
GET	/sw.js	404	00ms
GET	/sw.js	404	00ms
GET	/	200	03ms
GET	/css/jumia.css	404	01ms
GET	/materialize/css/materialize.css	404	02ms
GET	/materialize/js/materialize.js	404	02ms
GET	/materialize/css/materialize.min.css	404	02ms
GET	/jumia.js	404	02ms
GET	/materialize/js/materialize.min.js	404	02ms
GET	/materialize/js/materialize.js	404	00ms
GET	/materialize/js/materialize.min.js	404	00ms
GET	/sw.js	404	00ms
GET	/sw.js	404	01ms
GET	/	200	03ms
GET	/css/jumia.css	404	01ms
GET	/materialize/css/materialize.css	404	01ms
GET	/materialize/css/materialize.min.css	404	02ms
GET	/jumia.js	404	02ms
GET	/materialize/js/materialize.js	404	02ms
GET	/materialize/js/materialize.min.js	404	02ms
GET	/jumia.js	404	00ms
GET	/materialize/js/materialize.js	404	00ms
GET	/materialize/js/materialize.min.js	404	01ms
GET	/sw.js	404	00ms
GET	/sw.js	404	01ms
GET	/	200	03ms
GET	/css/jumia.css	404	01ms
GET	/materialize/css/materialize.css	404	01ms
GET	/materialize/js/materialize.min.js	404	01ms
GET	/materialize/css/materialize.min.css	404	02ms
GET	/jumia.js	404	02ms
GET	/materialize/js/materialize.js	404	02ms
GET	/jumia.js	404	00ms
GET	/materialize/js/materialize.js	404	00ms
GET	/materialize/js/materialize.min.js	404	00ms
GET	/sw.js	404	00ms
GET	/sw.js	404	00ms
GET	/	200	03ms
GET	/css/jumia.css	404	01ms
GET	/materialize/css/materialize.css	404	03ms
GET	/materialize/css/materialize.min.css	404	02ms
GET	/jumia.js	404	03ms
GET	/materialize/js/materialize.js	404	02ms
GET	/materialize/js/materialize.min.js	404	02ms
GET	/jumia.js	404	01ms
GET	/materialize/js/materialize.js	404	01ms
GET	/materialize/js/materialize.min.js	404	00ms
GET	/sw.js	404	00ms
GET	/	200	05ms
GET	/css/jumia.css	404	03ms
GET	/materialize/css/materialize.css	404	03ms
GET	/materialize/css/materialize.min.css	404	02ms
GET	/jumia.js	404	02ms
GET	/materialize/js/materialize.js	404	02ms
GET	/materialize/js/materialize.min.js	404	02ms
GET	/jumia.js	404	00ms
GET	/materialize/js/materialize.js	404	00ms
GET	/materialize/js/materialize.min.js	404	01ms
GET	/sw.js	404	01ms
GET	/sw.js	404	00ms
GET	/	200	04ms
GET	/css/jumia.css	404	01ms
GET	/materialize/css/materialize.css	404	07ms
GET	/materialize/css/materialize.min.css	404	02ms
GET	/jumia.js	404	02ms
GET	/materialize/js/materialize.js	404	03ms
GET	/materialize/js/materialize.min.js	404	03ms
GET	/sw.js	404	00ms
GET	/	200	04ms
GET	/css/jumia.css	404	01ms
GET	/materialize/css/materialize.css	404	03ms
GET	/materialize/css/materialize.min.css	404	02ms
GET	/jumia.js	404	01ms
GET	/materialize/js/materialize.js	404	02ms
GET	/materialize/js/materialize.min.js	404	02ms
GET	/jumia.js	404	01ms
GET	/materialize/js/materialize.js	404	00ms
GET	/materialize/js/materialize.min.js	404	00ms
GET	/sw.js	404	02ms
GET	/sw.js	404	01ms
GET	/	200	04ms
GET	/css/jumia.css	404	01ms
GET	/materialize/css/materialize.css	404	02ms
GET	/jumia.js	404	02ms
GET	/materialize/css/materialize.min.css	404	03ms
GET	/materialize/js/materialize.min.js	404	01ms
GET	/materialize/js/materialize.js	404	01ms
GET	/jumia.js	404	01ms
GET	/materialize/js/materialize.js	404	00ms
GET	/materialize/js/materialize.min.js	404	01ms
GET	/sw.js	404	00ms
GET	/sw.js	404	00ms
GET	/	200	03ms
GET	/css/jumia.css	404	02ms
GET	/materialize/css/materialize.css	404	03ms
GET	/materialize/css/materialize.min.css	404	04ms
GET	/jumia.js	404	04ms
GET	/materialize/js/materialize.js	404	03ms
GET	/materialize/js/materialize.min.js	404	02ms
GET	/jumia.js	404	00ms
GET	/materialize/js/materialize.js	404	00ms
GET	/materialize/js/materialize.min.js	404	00ms
GET	/sw.js	404	00ms
GET	/sw.js	404	00ms
GET	/	304	05ms
GET	/css/jumia.css	404	07ms
GET	/materialize/css/materialize.css	404	06ms
GET	/materialize/css/materialize.min.css	404	03ms
GET	/jumia.js	404	03ms
GET	/materialize/js/materialize.js	404	03ms
GET	/materialize/js/materialize.min.js	404	01ms
GET	/jumia.js	404	01ms
GET	/materialize/js/materialize.js	404	00ms
GET	/materialize/js/materialize.min.js	404	00ms
GET	/	304	03ms
GET	/css/jumia.css	404	01ms
GET	/materialize/css/materialize.css	404	01ms
GET	/materialize/css/materialize.min.css	404	01ms
GET	/jumia.js	404	01ms
GET	/materialize/js/materialize.js	404	01ms
GET	/materialize/js/materialize.min.js	404	01ms
GET	/jumia.js	404	01ms
GET	/materialize/js/materialize.js	404	00ms
GET	/materialize/js/materialize.min.js	404	00ms
GET	/sw.js	404	00ms
GET	/	200	06ms
GET	/css/jumia.css	404	02ms
GET	/materialize/css/materialize.css	404	02ms
GET	/materialize/css/materialize.min.css	404	02ms
GET	/materialize/js/materialize.js	404	01ms
GET	/jumia.js	404	02ms
GET	/materialize/js/materialize.min.js	404	02ms
GET	/jumia.js	404	00ms
GET	/materialize/js/materialize.js	404	00ms
GET	/materialize/js/materialize.min.js	404	01ms
GET	/sw.js	404	00ms
GET	/sw.js	404	00ms
GET	/	200	04ms
GET	/css/jumia.css	404	01ms
GET	/materialize/css/materialize.css	404	01ms
GET	/materialize/css/materialize.min.css	404	02ms
GET	/jumia.js	404	02ms
GET	/materialize/js/materialize.js	404	03ms
GET	/materialize/js/materialize.min.js	404	03ms
GET	/jumia.js	404	01ms
GET	/materialize/js/materialize.js	404	00ms
GET	/materialize/js/materialize.min.js	404	00ms
GET	/sw.js	404	00ms
GET	/	200	05ms
GET	/css/jumia.css	404	01ms
GET	/materialize/css/materialize.css	404	01ms
GET	/jumia.js	404	01ms
GET	/materialize/css/materialize.min.css	404	02ms
GET	/materialize/js/materialize.js	404	01ms
GET	/materialize/js/materialize.min.js	404	02ms
GET	/jumia.js	404	04ms
GET	/materialize/js/materialize.js	404	00ms
GET	/materialize/js/materialize.min.js	404	00ms
GET	/	304	04ms
GET	/css/jumia.css	404	01ms
GET	/materialize/css/materialize.css	404	02ms
GET	/materialize/css/materialize.min.css	404	03ms
GET	/jumia.js	404	02ms
GET	/materialize/js/materialize.js	404	05ms
GET	/materialize/js/materialize.min.js	404	05ms
GET	/jumia.js	404	00ms
GET	/materialize/js/materialize.js	404	00ms
GET	/materialize/js/materialize.min.js	404	00ms
GET	/sw.js	404	00ms
GET	/sw.js	404	00ms
GET	/	200	07ms
GET	/css/jumia.css	404	03ms
GET	/materialize/css/materialize.css	404	03ms
GET	/materialize/js/materialize.js	404	02ms
GET	/materialize/css/materialize.min.css	404	02ms
GET	/jumia.js	404	02ms
GET	/materialize/js/materialize.min.js	404	01ms
GET	/materialize/css/materialize.css	404	03ms
GET	/jumia.js	404	00ms
GET	/materialize/js/materialize.js	404	00ms
GET	/materialize/js/materialize.min.js	404	00ms
GET	/sw.js	404	00ms
GET	/sw.js	404	00ms
GET	/	304	03ms
GET	/css/jumia.css	404	01ms
GET	/materialize/css/materialize.css	404	01ms
GET	/materialize/js/materialize.min.js	404	01ms
GET	/materialize/css/materialize.min.css	404	02ms
GET	/jumia.js	404	02ms
GET	/materialize/js/materialize.js	404	02ms
GET	/materialize/js/materialize.min.js	404	00ms
GET	/sw.js	404	00ms
GET	/sw.js	404	00ms
GET	/	200	03ms
GET	/css/jumia.css	404	01ms
GET	/materialize/css/materialize.css	404	01ms
GET	/materialize/css/materialize.min.css	404	01ms
GET	/jumia.js	404	02ms
GET	/materialize/js/materialize.js	404	02ms
GET	/materialize/js/materialize.min.js	404	03ms
GET	/jumia.js	404	00ms
GET	/materialize/js/materialize.js	404	00ms
GET	/materialize/js/materialize.min.js	404	00ms
GET	/sw.js	404	00ms
GET	/	200	06ms
GET	/css/jumia.css	404	01ms
GET	/materialize/css/materialize.css	404	01ms
GET	/materialize/css/materialize.min.css	404	02ms
GET	/jumia.js	404	02ms
GET	/materialize/js/materialize.min.js	404	01ms
GET	/materialize/js/materialize.js	404	02ms
GET	/materialize/css/materialize.css	404	00ms
GET	/jumia.js	404	00ms
GET	/materialize/js/materialize.js	404	00ms
GET	/materialize/js/materialize.min.js	404	00ms
GET	/sw.js	404	00ms
GET	/sw.js	404	00ms
GET	/	200	04ms
GET	/css/jumia.css	404	01ms
GET	/materialize/css/materialize.css	404	01ms
GET	/materialize/css/materialize.min.css	404	01ms
GET	/jumia.js	404	05ms
GET	/materialize/js/materialize.js	404	01ms
GET	/materialize/js/materialize.min.js	404	01ms
GET	/materialize/css/materialize.css	404	02ms
GET	/materialize/css/materialize.min.css	404	02ms
GET	/jumia.js	404	00ms
GET	/materialize/js/materialize.js	404	00ms
GET	/materialize/js/materialize.min.js	404	00ms
GET	/sw.js	404	00ms
GET	/	200	04ms
GET	/css/jumia.css	404	01ms
GET	/materialize/css/materialize.css	404	01ms
GET	/materialize/js/materialize.min.js	404	03ms
GET	/materialize/css/materialize.min.css	404	04ms
GET	/jumia.js	404	04ms
GET	/materialize/js/materialize.js	404	04ms
GET	/materialize/css/materialize.css	404	00ms
GET	/jumia.js	404	00ms
GET	/materialize/js/materialize.js	404	00ms
GET	/materialize/js/materialize.min.js	404	00ms
GET	/sw.js	404	00ms
GET	/	200	04ms
GET	/css/jumia.css	404	01ms
GET	/materialize/css/materialize.css	404	01ms
GET	/materialize/css/materialize.min.css	404	01ms
GET	/jumia.js	404	01ms
GET	/materialize/js/materialize.js	404	01ms
GET	/materialize/js/materialize.min.js	404	01ms
GET	/jumia.js	404	00ms
GET	/materialize/js/materialize.js	404	00ms
GET	/sw.js	404	00ms
GET	/materialize/js/materialize.min.js	404	00ms
GET	/sw.js	404	00ms
GET	/sw.js	404	00ms
GET	/	200	03ms
GET	/css/jumia.css	404	02ms
GET	/materialize/css/materialize.css	404	02ms
GET	/materialize/css/materialize.min.css	404	02ms
GET	/jumia.js	404	01ms
GET	/materialize/js/materialize.min.js	404	01ms
GET	/materialize/js/materialize.js	404	02ms
GET	/materialize/js/materialize.min.js	404	00ms
GET	/sw.js	404	00ms
GET	/	200	04ms
GET	/css/jumia.css	404	02ms
GET	/materialize/css/materialize.css	404	02ms
GET	/materialize/css/materialize.min.css	404	01ms
GET	/jumia.js	404	01ms
GET	/materialize/js/materialize.js	404	01ms
GET	/materialize/js/materialize.min.js	404	01ms
GET	/jumia.js	404	00ms
GET	/materialize/js/materialize.js	404	00ms
GET	/materialize/js/materialize.min.js	404	00ms
GET	/	304	04ms
GET	/css/jumia.css	404	01ms
GET	/materialize/css/materialize.css	404	01ms
GET	/materialize/css/materialize.min.css	404	02ms
GET	/jumia.js	404	02ms
GET	/materialize/js/materialize.js	404	02ms
GET	/materialize/js/materialize.min.js	404	02ms
GET	/materialize/css/materialize.css	404	00ms
GET	/jumia.js	404	01ms
GET	/materialize/js/materialize.js	404	00ms
GET	/materialize/js/materialize.min.js	404	00ms
GET	/	304	04ms
GET	/css/jumia.css	404	01ms
GET	/materialize/css/materialize.css	404	01ms
GET	/materialize/css/materialize.min.css	404	02ms
GET	/jumia.js	404	01ms
GET	/materialize/js/materialize.js	404	01ms
GET	/materialize/js/materialize.min.js	404	01ms
GET	/jumia.js	404	00ms
GET	/materialize/js/materialize.js	404	00ms
GET	/materialize/js/materialize.min.js	404	00ms
GET	/	304	04ms
GET	/css/jumia.css	404	02ms
GET	/materialize/css/materialize.css	404	02ms
GET	/materialize/css/materialize.min.css	404	02ms
GET	/jumia.js	404	01ms
GET	/materialize/js/materialize.min.js	404	01ms
GET	/materialize/js/materialize.js	404	02ms
GET	/jumia.js	404	00ms
GET	/materialize/js/materialize.js	404	00ms
GET	/materialize/js/materialize.min.js	404	00ms
GET	/sw.js	404	00ms
GET	/sw.js	404	00ms
GET	/sw.js	404	00ms
GET	/	200	03ms
GET	/css/jumia.css	404	01ms
GET	/materialize/css/materialize.css	404	02ms
GET	/materialize/css/materialize.min.css	404	01ms
GET	/jumia.js	404	01ms
GET	/materialize/js/materialize.js	404	02ms
GET	/materialize/js/materialize.min.js	404	02ms
GET	/jumia.js	404	00ms
GET	/materialize/js/materialize.js	404	00ms
GET	/materialize/js/materialize.min.js	404	00ms
GET	/	304	03ms
GET	/css/jumia.css	404	01ms
GET	/materialize/css/materialize.css	404	02ms
GET	/materialize/css/materialize.min.css	404	02ms
GET	/jumia.js	404	02ms
GET	/materialize/js/materialize.js	404	02ms
GET	/materialize/js/materialize.min.js	404	02ms
GET	/jumia.js	404	00ms
GET	/materialize/js/materialize.js	404	00ms
GET	/materialize/js/materialize.min.js	404	00ms
GET	/	304	03ms
GET	/css/jumia.css	404	00ms
GET	/materialize/css/materialize.css	404	01ms
GET	/materialize/css/materialize.min.css	404	02ms
GET	/jumia.js	404	03ms
GET	/materialize/js/materialize.js	404	02ms
GET	/materialize/js/materialize.min.js	404	01ms
GET	/materialize/css/materialize.css	404	00ms
GET	/jumia.js	404	01ms
GET	/materialize/js/materialize.js	404	00ms
GET	/materialize/js/materialize.min.js	404	00ms
GET	/sw.js	404	00ms
GET	/sw.js	404	00ms
GET	/	200	05ms
GET	/css/jumia.css	404	01ms
GET	/materialize/css/materialize.css	404	01ms
GET	/materialize/css/materialize.min.css	404	01ms
GET	/jumia.js	404	01ms
GET	/materialize/js/materialize.js	404	01ms
GET	/materialize/js/materialize.min.js	404	02ms
GET	/jumia.js	404	00ms
GET	/materialize/js/materialize.js	404	00ms
GET	/materialize/js/materialize.min.js	404	00ms
GET	/	304	05ms
GET	/css/jumia.css	404	01ms
GET	/materialize/css/materialize.css	404	01ms
GET	/materialize/css/materialize.min.css	404	01ms
GET	/jumia.js	404	03ms
GET	/materialize/js/materialize.js	404	03ms
GET	/materialize/js/materialize.min.js	404	02ms
GET	/jumia.js	404	00ms
GET	/materialize/js/materialize.js	404	00ms
GET	/materialize/js/materialize.min.js	404	00ms
GET	/	304	03ms
GET	/css/jumia.css	404	01ms
GET	/materialize/css/materialize.css	404	02ms
GET	/materialize/css/materialize.min.css	404	02ms
GET	/jumia.js	404	02ms
GET	/materialize/js/materialize.js	404	03ms
GET	/materialize/js/materialize.min.js	404	03ms
GET	/materialize/css/materialize.css	404	00ms
GET	/materialize/css/materialize.min.css	404	01ms
GET	/jumia.js	404	00ms
GET	/materialize/js/materialize.js	404	00ms
GET	/materialize/js/materialize.min.js	404	00ms
GET	/	304	04ms
GET	/css/jumia.css	404	01ms
GET	/materialize/css/materialize.css	404	02ms
GET	/materialize/css/materialize.min.css	404	02ms
GET	/jumia.js	404	03ms
GET	/materialize/js/materialize.js	404	03ms
GET	/materialize/js/materialize.min.js	404	02ms
GET	/jumia.js	404	01ms
GET	/materialize/js/materialize.js	404	00ms
GET	/materialize/js/materialize.min.js	404	00ms
GET	/	304	02ms
GET	/css/jumia.css	404	01ms
GET	/materialize/css/materialize.css	404	01ms
GET	/materialize/css/materialize.min.css	404	02ms
GET	/jumia.js	404	01ms
GET	/materialize/js/materialize.js	404	03ms
GET	/materialize/js/materialize.min.js	404	04ms
GET	/jumia.js	404	00ms
GET	/materialize/js/materialize.js	404	00ms
GET	/materialize/js/materialize.min.js	404	01ms
GET	/	304	04ms
GET	/css/jumia.css	404	01ms
GET	/materialize/css/materialize.css	404	01ms
GET	/materialize/css/materialize.min.css	404	02ms
GET	/jumia.js	404	01ms
GET	/materialize/js/materialize.js	404	02ms
GET	/materialize/js/materialize.min.js	404	02ms
GET	/jumia.js	404	00ms
GET	/materialize/js/materialize.js	404	00ms
GET	/materialize/js/materialize.min.js	404	00ms
GET	/sw.js	404	00ms
GET	/sw.js	404	00ms
GET	/	200	04ms
GET	/css/jumia.css	404	01ms
GET	/materialize/css/materialize.css	404	01ms
GET	/materialize/css/materialize.min.css	404	03ms
GET	/jumia.js	404	04ms
GET	/materialize/js/materialize.js	404	02ms
GET	/materialize/js/materialize.min.js	404	01ms
GET	/jumia.js	404	00ms
GET	/materialize/js/materialize.js	404	01ms
GET	/materialize/js/materialize.min.js	404	00ms
GET	/	304	04ms
GET	/css/jumia.css	404	01ms
GET	/materialize/css/materialize.css	404	02ms
GET	/materialize/css/materialize.min.css	404	02ms
GET	/jumia.js	404	02ms
GET	/materialize/js/materialize.js	404	02ms
GET	/materialize/js/materialize.min.js	404	03ms
GET	/jumia.js	404	00ms
GET	/materialize/js/materialize.js	404	00ms
GET	/materialize/js/materialize.min.js	404	00ms
GET	/	304	05ms
GET	/css/jumia.css	404	01ms
GET	/materialize/css/materialize.css	404	02ms
GET	/materialize/css/materialize.min.css	404	02ms
GET	/jumia.js	404	01ms
GET	/materialize/js/materialize.js	404	02ms
GET	/materialize/js/materialize.min.js	404	02ms
GET	/jumia.js	404	00ms
GET	/materialize/js/materialize.js	404	00ms
GET	/materialize/js/materialize.min.js	404	00ms
GET	/	304	03ms
GET	/css/jumia.css	404	01ms
GET	/materialize/css/materialize.css	404	01ms
GET	/materialize/css/materialize.min.css	404	02ms
GET	/jumia.js	404	04ms
GET	/materialize/js/materialize.js	404	05ms
GET	/materialize/js/materialize.min.js	404	05ms
GET	/jumia.js	404	00ms
GET	/materialize/js/materialize.js	404	00ms
GET	/materialize/js/materialize.min.js	404	00ms
GET	/sw.js	404	00ms
GET	/	304	04ms
GET	/css/jumia.css	404	01ms
GET	/materialize/css/materialize.css	404	02ms
GET	/materialize/css/materialize.min.css	404	03ms
GET	/jumia.js	404	01ms
GET	/materialize/js/materialize.js	404	02ms
GET	/materialize/js/materialize.min.js	404	03ms
GET	/jumia.js	404	00ms
GET	/materialize/js/materialize.js	404	00ms
GET	/materialize/js/materialize.min.js	404	00ms
GET	/sw.js	404	00ms
GET	/sw.js	404	00ms
GET	/	200	03ms
GET	/css/jumia.css	404	01ms
GET	/materialize/css/materialize.css	404	02ms
GET	/materialize/css/materialize.min.css	404	02ms
GET	/jumia.js	404	03ms
GET	/materialize/js/materialize.js	404	02ms
GET	/materialize/js/materialize.min.js	404	04ms
GET	/jumia.js	404	00ms
GET	/materialize/js/materialize.js	404	01ms
GET	/materialize/js/materialize.min.js	404	00ms
GET	/sw.js	404	00ms
GET	/	200	03ms
GET	/css/jumia.css	404	03ms
GET	/materialize/css/materialize.css	404	03ms
GET	/jumia.js	404	01ms
GET	/materialize/css/materialize.min.css	404	02ms
GET	/materialize/js/materialize.js	404	05ms
GET	/materialize/js/materialize.min.js	404	05ms
GET	/jumia.js	404	00ms
GET	/materialize/js/materialize.js	404	00ms
GET	/materialize/js/materialize.min.js	404	00ms
GET	/sw.js	404	00ms
GET	/	200	04ms
GET	/css/jumia.css	404	01ms
GET	/materialize/css/materialize.css	404	01ms
GET	/materialize/css/materialize.min.css	404	01ms
GET	/jumia.js	404	03ms
GET	/materialize/js/materialize.js	404	03ms
GET	/materialize/js/materialize.min.js	404	04ms
GET	/materialize/css/materialize.css	404	01ms
GET	/jumia.js	404	01ms
GET	/materialize/js/materialize.js	404	01ms
GET	/materialize/js/materialize.min.js	404	00ms
GET	/sw.js	404	00ms
GET	/	200	03ms
GET	/css/jumia.css	404	03ms
GET	/materialize/css/materialize.css	404	01ms
GET	/materialize/css/materialize.min.css	404	04ms
GET	/jumia.js	404	02ms
GET	/materialize/js/materialize.js	404	01ms
GET	/materialize/js/materialize.min.js	404	01ms
GET	/jumia.js	404	00ms
GET	/materialize/js/materialize.js	404	00ms
GET	/materialize/js/materialize.min.js	404	00ms
GET	/sw.js	404	00ms
GET	/	200	03ms
GET	/css/jumia.css	404	01ms
GET	/materialize/css/materialize.css	404	01ms
GET	/materialize/css/materialize.min.css	404	09ms
GET	/jumia.js	404	10ms
GET	/materialize/js/materialize.js	404	10ms
GET	/materialize/js/materialize.min.js	404	10ms
GET	/	304	03ms
GET	/css/jumia.css	404	01ms
GET	/materialize/css/materialize.css	404	02ms
GET	/materialize/css/materialize.min.css	404	01ms
GET	/jumia.js	404	01ms
GET	/materialize/js/materialize.js	404	02ms
GET	/materialize/js/materialize.min.js	404	00ms
GET	/jumia.js	404	00ms
GET	/materialize/js/materialize.js	404	00ms
GET	/materialize/js/materialize.min.js	404	00ms
GET	/sw.js	404	00ms
GET	/sw.js	404	00ms
GET	/	200	04ms
GET	/css/jumia.css	404	01ms
GET	/materialize/css/materialize.css	404	01ms
GET	/materialize/css/materialize.min.css	404	01ms
GET	/jumia.js	404	01ms
GET	/materialize/js/materialize.js	404	01ms
GET	/materialize/js/materialize.min.js	404	02ms
GET	/	304	04ms
GET	/css/jumia.css	404	01ms
GET	/materialize/css/materialize.css	404	01ms
GET	/materialize/css/materialize.min.css	404	01ms
GET	/jumia.js	404	04ms
GET	/materialize/js/materialize.js	404	04ms
GET	/materialize/js/materialize.min.js	404	02ms
GET	/jumia.js	404	00ms
GET	/materialize/js/materialize.js	404	00ms
GET	/materialize/js/materialize.min.js	404	00ms
GET	/	304	04ms
GET	/css/jumia.css	404	01ms
GET	/materialize/css/materialize.css	404	01ms
GET	/materialize/css/materialize.min.css	404	01ms
GET	/jumia.js	404	01ms
GET	/materialize/js/materialize.js	404	01ms
GET	/materialize/js/materialize.min.js	404	00ms
GET	/jumia.js	404	00ms
GET	/materialize/js/materialize.js	404	00ms
GET	/materialize/js/materialize.min.js	404	00ms
GET	/	304	04ms
GET	/css/jumia.css	404	00ms
GET	/materialize/css/materialize.css	404	01ms
GET	/materialize/css/materialize.min.css	404	01ms
GET	/jumia.js	404	01ms
GET	/materialize/js/materialize.js	404	01ms
GET	/materialize/js/materialize.min.js	404	01ms
GET	/jumia.js	404	01ms
GET	/materialize/js/materialize.js	404	00ms
GET	/materialize/js/materialize.min.js	404	00ms
GET	/sw.js	404	00ms
GET	/	200	05ms
GET	/css/jumia.css	404	02ms
GET	/materialize/css/materialize.css	404	02ms
GET	/materialize/css/materialize.min.css	404	02ms
GET	/jumia.js	404	02ms
GET	/materialize/js/materialize.js	404	02ms
GET	/materialize/js/materialize.min.js	404	02ms
GET	/jumia.js	404	00ms
GET	/materialize/js/materialize.js	404	00ms
GET	/materialize/js/materialize.min.js	404	00ms
GET	/sw.js	404	00ms
GET	/	200	03ms
GET	/css/jumia.css	404	01ms
GET	/materialize/css/materialize.css	404	01ms
GET	/materialize/css/materialize.min.css	404	01ms
GET	/jumia.js	404	04ms
GET	/materialize/js/materialize.js	404	05ms
GET	/materialize/js/materialize.min.js	404	01ms
GET	/materialize/css/materialize.css	404	00ms
GET	/jumia.js	404	00ms
GET	/materialize/js/materialize.js	404	00ms
GET	/materialize/js/materialize.min.js	404	00ms
GET	/sw.js	404	00ms
GET	/	200	03ms
GET	/css/jumia.css	404	01ms
GET	/materialize/css/materialize.css	404	01ms
GET	/materialize/js/materialize.js	404	02ms
GET	/jumia.js	404	03ms
GET	/materialize/css/materialize.min.css	404	04ms
GET	/materialize/js/materialize.min.js	404	03ms
GET	/jumia.js	404	01ms
GET	/materialize/js/materialize.js	404	01ms
GET	/materialize/js/materialize.min.js	404	00ms
GET	/sw.js	404	00ms
GET	/	200	05ms
GET	/css/jumia.css	404	01ms
GET	/materialize/css/materialize.css	404	02ms
GET	/materialize/css/materialize.min.css	404	02ms
GET	/jumia.js	404	03ms
GET	/materialize/js/materialize.js	404	04ms
GET	/materialize/js/materialize.min.js	404	00ms
GET	/jumia.js	404	00ms
GET	/materialize/js/materialize.js	404	00ms
GET	/materialize/js/materialize.min.js	404	00ms
GET	/sw.js	404	00ms
GET	/	200	20ms
GET	/materialize/css/materialize.css	404	01ms
GET	/css/jumia.css	404	02ms
GET	/materialize/css/materialize.min.css	404	01ms
GET	/jumia.js	404	01ms
GET	/materialize/js/materialize.js	404	01ms
GET	/materialize/js/materialize.min.js	404	01ms
GET	/materialize/css/materialize.css	404	00ms
GET	/jumia.js	404	01ms
GET	/materialize/js/materialize.js	404	00ms
GET	/materialize/js/materialize.min.js	404	00ms
GET	/sw.js	404	00ms
GET	/	200	04ms
GET	/css/jumia.css	404	01ms
GET	/materialize/css/materialize.css	404	02ms
GET	/materialize/css/materialize.min.css	404	01ms
GET	/jumia.js	404	02ms
GET	/materialize/js/materialize.js	404	03ms
GET	/materialize/js/materialize.min.js	404	03ms
GET	/materialize/css/materialize.css	404	01ms
GET	/jumia.js	404	01ms
GET	/materialize/js/materialize.js	404	00ms
GET	/materialize/js/materialize.min.js	404	00ms
GET	/sw.js	404	00ms
GET	/sw.js	404	00ms
GET	/	200	19ms
GET	/css/jumia.css	404	01ms
GET	/materialize/css/materialize.css	404	01ms
GET	/materialize/css/materialize.min.css	404	02ms
GET	/jumia.js	404	03ms
GET	/materialize/js/materialize.js	404	01ms
GET	/materialize/js/materialize.min.js	404	01ms
GET	/jumia.js	404	00ms
GET	/materialize/js/materialize.js	404	00ms
GET	/materialize/js/materialize.min.js	404	00ms
GET	/sw.js	404	00ms
GET	/	200	04ms
GET	/css/jumia.css	404	01ms
GET	/materialize/css/materialize.css	404	01ms
GET	/materialize/css/materialize.min.css	404	01ms
GET	/jumia.js	404	02ms
GET	/materialize/js/materialize.js	404	01ms
GET	/materialize/js/materialize.min.js	404	01ms
GET	/materialize/css/materialize.css	404	00ms
GET	/jumia.js	404	01ms
GET	/materialize/js/materialize.js	404	00ms
GET	/materialize/js/materialize.min.js	404	01ms
GET	/sw.js	404	00ms
GET	/	200	06ms
GET	/css/jumia.css	404	01ms
GET	/materialize/css/materialize.css	404	01ms
GET	/materialize/css/materialize.min.css	404	01ms
GET	/jumia.js	404	01ms
GET	/materialize/js/materialize.js	404	01ms
GET	/materialize/js/materialize.min.js	404	01ms
GET	/jumia.js	404	00ms
GET	/materialize/js/materialize.js	404	00ms
GET	/materialize/js/materialize.min.js	404	00ms
GET	/sw.js	404	00ms
GET	/	200	05ms
GET	/css/jumia.css	404	02ms
GET	/materialize/css/materialize.css	404	04ms
GET	/materialize/css/materialize.min.css	404	01ms
GET	/jumia.js	404	02ms
GET	/materialize/js/materialize.js	404	02ms
GET	/materialize/js/materialize.min.js	404	02ms
GET	/jumia.js	404	00ms
GET	/materialize/js/materialize.js	404	00ms
GET	/materialize/js/materialize.min.js	404	00ms
GET	/sw.js	404	00ms
GET	/sw.js	404	00ms
GET	/	200	03ms
GET	/css/jumia.css	404	01ms
GET	/materialize/css/materialize.css	404	01ms
GET	/materialize/css/materialize.min.css	404	01ms
GET	/jumia.js	404	01ms
GET	/materialize/js/materialize.js	404	01ms
GET	/materialize/js/materialize.min.js	404	01ms
GET	/jumia.js	404	00ms
GET	/materialize/js/materialize.js	404	00ms
GET	/materialize/js/materialize.min.js	404	01ms
GET	/sw.js	404	00ms
GET	/	200	03ms
GET	/css/jumia.css	404	01ms
GET	/materialize/css/materialize.css	404	01ms
GET	/materialize/css/materialize.min.css	404	02ms
GET	/jumia.js	404	04ms
GET	/materialize/js/materialize.min.js	404	01ms
GET	/materialize/js/materialize.js	404	02ms
GET	/jumia.js	404	01ms
GET	/materialize/js/materialize.js	404	00ms
GET	/materialize/js/materialize.min.js	404	00ms
GET	/sw.js	404	00ms
GET	/sw.js	404	00ms
GET	/	200	03ms
GET	/css/jumia.css	404	01ms
GET	/materialize/css/materialize.css	404	00ms
GET	/jumia.js	404	01ms
GET	/materialize/css/materialize.min.css	404	02ms
GET	/materialize/js/materialize.js	404	02ms
GET	/materialize/js/materialize.min.js	404	02ms
GET	/jumia.js	404	01ms
GET	/materialize/js/materialize.js	404	01ms
GET	/materialize/js/materialize.min.js	404	00ms
GET	/sw.js	404	00ms
GET	/sw.js	404	00ms
GET	/	200	04ms
GET	/css/jumia.css	404	01ms
GET	/materialize/css/materialize.css	404	01ms
GET	/materialize/css/materialize.min.css	404	01ms
GET	/jumia.js	404	02ms
GET	/materialize/js/materialize.js	404	02ms
GET	/materialize/js/materialize.min.js	404	04ms
GET	/materialize/css/materialize.css	404	00ms
GET	/jumia.js	404	01ms
GET	/materialize/js/materialize.js	404	01ms
GET	/materialize/js/materialize.min.js	404	00ms
GET	/	304	04ms
GET	/css/jumia.css	404	01ms
GET	/materialize/css/materialize.css	404	02ms
GET	/materialize/css/materialize.min.css	404	01ms
GET	/jumia.js	404	02ms
GET	/materialize/js/materialize.js	404	02ms
GET	/materialize/js/materialize.min.js	404	01ms
GET	/jumia.js	404	00ms
GET	/materialize/js/materialize.js	404	01ms
GET	/materialize/js/materialize.min.js	404	00ms
GET	/	304	04ms
GET	/css/jumia.css	404	01ms
GET	/materialize/css/materialize.css	404	02ms
GET	/materialize/css/materialize.min.css	404	02ms
GET	/jumia.js	404	01ms
GET	/materialize/js/materialize.js	404	01ms
GET	/materialize/js/materialize.min.js	404	02ms
GET	/sw.js	404	01ms
GET	/jumia.js	404	01ms
GET	/materialize/js/materialize.js	404	00ms
GET	/materialize/js/materialize.min.js	404	00ms
GET	/sw.js	404	01ms
GET	/sw.js	404	00ms
GET	/	200	05ms
GET	/css/jumia.css	404	01ms
GET	/materialize/css/materialize.css	404	01ms
GET	/materialize/css/materialize.min.css	404	02ms
GET	/jumia.js	404	03ms
GET	/materialize/js/materialize.js	404	03ms
GET	/materialize/js/materialize.min.js	404	01ms
GET	/jumia.js	404	00ms
GET	/materialize/js/materialize.js	404	00ms
GET	/materialize/js/materialize.min.js	404	00ms
GET	/sw.js	404	01ms
GET	/	304	05ms
GET	/css/jumia.css	404	01ms
GET	/materialize/css/materialize.css	404	01ms
GET	/materialize/css/materialize.min.css	404	01ms
GET	/jumia.js	404	02ms
GET	/materialize/js/materialize.min.js	404	02ms
GET	/materialize/js/materialize.js	404	03ms
GET	/materialize/css/materialize.css	404	00ms
GET	/jumia.js	404	01ms
GET	/materialize/js/materialize.js	404	01ms
GET	/materialize/js/materialize.min.js	404	00ms
GET	/	304	04ms
GET	/css/jumia.css	404	01ms
GET	/materialize/css/materialize.min.css	404	02ms
GET	/materialize/css/materialize.css	404	02ms
GET	/jumia.js	404	03ms
GET	/materialize/js/materialize.js	404	01ms
GET	/materialize/js/materialize.min.js	404	01ms
GET	/jumia.js	404	01ms
GET	/materialize/js/materialize.js	404	00ms
GET	/materialize/js/materialize.min.js	404	00ms
GET	/sw.js	404	00ms
GET	/sw.js	404	00ms
GET	/	200	03ms
GET	/css/jumia.css	404	04ms
GET	/materialize/css/materialize.css	404	04ms
GET	/materialize/css/materialize.min.css	404	05ms
GET	/jumia.js	404	04ms
GET	/materialize/js/materialize.js	404	01ms
GET	/materialize/js/materialize.min.js	404	01ms
GET	/jumia.js	404	01ms
GET	/materialize/js/materialize.js	404	00ms
GET	/materialize/js/materialize.min.js	404	01ms
GET	/sw.js	404	00ms
GET	/	200	04ms
GET	/css/jumia.css	404	01ms
GET	/materialize/css/materialize.css	404	01ms
GET	/materialize/css/materialize.min.css	404	01ms
GET	/materialize/js/materialize.js	404	02ms
GET	/materialize/js/materialize.min.js	404	02ms
GET	/jumia.js	404	03ms
GET	/materialize/js/materialize.js	404	01ms
GET	/materialize/js/materialize.min.js	404	01ms
GET	/	304	05ms
GET	/css/jumia.css	404	01ms
GET	/materialize/css/materialize.css	404	01ms
GET	/materialize/css/materialize.min.css	404	01ms
GET	/jumia.js	404	01ms
GET	/materialize/js/materialize.js	404	01ms
GET	/materialize/js/materialize.min.js	404	01ms
GET	/materialize/css/materialize.css	404	00ms
GET	/materialize/css/materialize.min.css	404	01ms
GET	/jumia.js	404	01ms
GET	/materialize/js/materialize.js	404	01ms
GET	/materialize/js/materialize.min.js	404	00ms
GET	/sw.js	404	01ms
GET	/	304	05ms
GET	/css/jumia.css	404	01ms
GET	/materialize/css/materialize.css	404	01ms
GET	/materialize/css/materialize.min.css	404	02ms
GET	/jumia.js	404	02ms
GET	/materialize/js/materialize.js	404	02ms
GET	/materialize/js/materialize.min.js	404	03ms
GET	/jumia.js	404	00ms
GET	/materialize/js/materialize.js	404	00ms
GET	/materialize/js/materialize.min.js	404	00ms
GET	/	304	03ms
GET	/css/jumia.css	404	01ms
GET	/materialize/css/materialize.css	404	03ms
GET	/materialize/css/materialize.min.css	404	02ms
GET	/jumia.js	404	01ms
GET	/materialize/js/materialize.js	404	03ms
GET	/materialize/js/materialize.min.js	404	03ms
GET	/materialize/css/materialize.css	404	00ms
GET	/sw.js	404	00ms
GET	/jumia.js	404	01ms
GET	/materialize/js/materialize.js	404	00ms
GET	/materialize/js/materialize.min.js	404	00ms
GET	/	304	06ms
GET	/css/jumia.css	404	01ms
GET	/materialize/css/materialize.css	404	07ms
GET	/materialize/css/materialize.min.css	404	01ms
GET	/jumia.js	404	02ms
GET	/materialize/js/materialize.js	404	02ms
GET	/materialize/js/materialize.min.js	404	02ms
GET	/jumia.js	404	01ms
GET	/materialize/js/materialize.js	404	01ms
GET	/materialize/js/materialize.min.js	404	00ms
GET	/	304	04ms
GET	/css/jumia.css	404	01ms
GET	/materialize/css/materialize.css	404	01ms
GET	/materialize/css/materialize.min.css	404	01ms
GET	/jumia.js	404	01ms
GET	/materialize/js/materialize.js	404	02ms
GET	/materialize/js/materialize.min.js	404	01ms
GET	/jumia.js	404	01ms
GET	/materialize/js/materialize.js	404	01ms
GET	/materialize/js/materialize.min.js	404	01ms
GET	/sw.js	404	00ms
GET	/sw.js	404	00ms
GET	/sw.js	404	21ms
GET	/	200	67ms
GET	/css/jumia.css	404	03ms
GET	/materialize/css/materialize.css	404	07ms
GET	/materialize/css/materialize.min.css	404	04ms
GET	/jumia.js	404	06ms
GET	/materialize/js/materialize.js	404	03ms
GET	/materialize/js/materialize.min.js	404	03ms
GET	/jumia.js	404	00ms
GET	/materialize/js/materialize.js	404	00ms
GET	/materialize/js/materialize.min.js	404	01ms
GET	/	304	29ms
GET	/css/jumia.css	404	03ms
GET	/materialize/css/materialize.css	404	02ms
GET	/materialize/css/materialize.min.css	404	02ms
GET	/jumia.js	404	02ms
GET	/materialize/js/materialize.js	404	01ms
GET	/materialize/js/materialize.min.js	404	01ms
GET	/materialize/css/materialize.css	404	01ms
GET	/materialize/css/materialize.min.css	404	01ms
GET	/jumia.js	404	03ms
GET	/materialize/js/materialize.js	404	01ms
GET	/materialize/js/materialize.min.js	404	01ms
GET	/sw.js	404	02ms
GET	/sw.js	404	02ms
GET	/sw.js	404	02ms
GET	/	200	15ms
GET	/css/jumia.css	404	04ms
GET	/materialize/css/materialize.css	404	04ms
GET	/materialize/css/materialize.min.css	404	02ms
GET	/jumia.js	404	01ms
GET	/materialize/js/materialize.js	404	03ms
GET	/materialize/js/materialize.min.js	404	04ms
GET	/jumia.js	404	00ms
GET	/materialize/js/materialize.js	404	01ms
GET	/materialize/js/materialize.min.js	404	01ms
GET	/	304	23ms
GET	/css/jumia.css	404	02ms
GET	/materialize/css/materialize.css	404	02ms
GET	/materialize/css/materialize.min.css	404	04ms
GET	/jumia.js	404	04ms
GET	/materialize/js/materialize.js	404	07ms
GET	/materialize/js/materialize.min.js	404	03ms
GET	/materialize/css/materialize.css	404	01ms
GET	/materialize/css/materialize.min.css	404	02ms
GET	/jumia.js	404	01ms
GET	/	304	05ms
GET	/materialize/js/materialize.js	404	05ms
GET	/css/jumia.css	404	02ms
GET	/materialize/css/materialize.css	404	03ms
GET	/materialize/css/materialize.min.css	404	03ms
GET	/jumia.js	404	02ms
GET	/materialize/js/materialize.js	404	03ms
GET	/materialize/js/materialize.min.js	404	04ms
GET	/jumia.js	404	01ms
GET	/materialize/js/materialize.js	404	01ms
GET	/materialize/js/materialize.min.js	404	01ms
GET	/sw.js	404	02ms
GET	/sw.js	404	03ms
GET	/sw.js	404	02ms
GET	/	200	10ms
GET	/css/jumia.css	404	01ms
GET	/materialize/css/materialize.css	404	02ms
GET	/materialize/css/materialize.min.css	404	03ms
GET	/jumia.js	404	03ms
GET	/materialize/js/materialize.js	404	04ms
GET	/materialize/js/materialize.min.js	404	04ms
GET	/jumia.js	404	00ms
GET	/materialize/js/materialize.js	404	01ms
GET	/materialize/js/materialize.min.js	404	02ms
GET	/sw.js	404	02ms
GET	/	200	17ms
GET	/css/jumia.css	404	02ms
GET	/materialize/css/materialize.css	404	02ms
GET	/materialize/css/materialize.min.css	404	01ms
GET	/jumia.js	404	01ms
GET	/materialize/js/materialize.js	404	02ms
GET	/materialize/js/materialize.min.js	404	01ms
GET	/jumia.js	404	01ms
GET	/materialize/js/materialize.js	404	01ms
GET	/materialize/js/materialize.min.js	404	01ms
GET	/sw.js	404	02ms
GET	/	304	21ms
GET	/css/jumia.css	404	04ms
GET	/materialize/css/materialize.css	404	04ms
GET	/materialize/css/materialize.min.css	404	04ms
GET	/jumia.js	404	01ms
GET	/materialize/js/materialize.min.js	404	02ms
GET	/materialize/js/materialize.js	404	03ms
GET	/materialize/css/materialize.css	404	01ms
GET	/materialize/css/materialize.min.css	404	01ms
GET	/jumia.js	404	01ms
GET	/materialize/js/materialize.js	404	01ms
GET	/materialize/js/materialize.min.js	404	01ms
GET	/	304	24ms
GET	/css/jumia.css	404	01ms
GET	/materialize/css/materialize.css	404	02ms
GET	/materialize/css/materialize.min.css	404	01ms
GET	/jumia.js	404	02ms
GET	/materialize/js/materialize.js	404	01ms
GET	/materialize/js/materialize.min.js	404	02ms
GET	/materialize/css/materialize.css	404	02ms
GET	/materialize/css/materialize.min.css	404	02ms
GET	/	304	07ms
GET	/jumia.js	404	01ms
GET	/css/jumia.css	404	02ms
GET	/materialize/css/materialize.css	404	03ms
GET	/materialize/css/materialize.min.css	404	03ms
GET	/jumia.js	404	05ms
GET	/materialize/js/materialize.js	404	03ms
GET	/materialize/js/materialize.min.js	404	02ms
GET	/jumia.js	404	02ms
GET	/	304	08ms
GET	/materialize/js/materialize.js	404	01ms
GET	/css/jumia.css	404	01ms
GET	/materialize/css/materialize.css	404	01ms
GET	/materialize/css/materialize.min.css	404	03ms
GET	/jumia.js	404	03ms
GET	/materialize/js/materialize.js	404	05ms
GET	/materialize/js/materialize.min.js	404	05ms
GET	/	304	33ms
GET	/	304	14ms
GET	/css/jumia.css	404	01ms
GET	/materialize/css/materialize.css	404	01ms
GET	/materialize/css/materialize.min.css	404	01ms
GET	/jumia.js	404	02ms
GET	/materialize/js/materialize.js	404	02ms
GET	/materialize/js/materialize.min.js	404	01ms
GET	/materialize/css/materialize.css	404	01ms
GET	/materialize/css/materialize.min.css	404	01ms
GET	/jumia.js	404	01ms
GET	/materialize/js/materialize.js	404	01ms
GET	/materialize/js/materialize.min.js	404	00ms
GET	/sw.js	404	02ms
GET	/sw.js	404	02ms
GET	/	200	18ms
GET	/css/jumia.css	404	02ms
GET	/materialize/css/materialize.css	404	06ms
GET	/materialize/css/materialize.min.css	404	08ms
GET	/jumia.js	404	08ms
GET	/materialize/js/materialize.js	404	09ms
GET	/materialize/js/materialize.min.js	404	01ms
GET	/jumia.js	404	00ms
GET	/materialize/js/materialize.js	404	01ms
GET	/materialize/js/materialize.min.js	404	00ms
GET	/sw.js	404	02ms
GET	/	200	13ms
GET	/css/jumia.css	404	03ms
GET	/materialize/css/materialize.css	404	03ms
GET	/materialize/css/materialize.min.css	404	01ms
GET	/jumia.js	404	03ms
GET	/materialize/js/materialize.js	404	04ms
GET	/materialize/js/materialize.min.js	404	01ms
GET	/jumia.js	404	01ms
GET	/materialize/js/materialize.js	404	02ms
GET	/materialize/js/materialize.min.js	404	00ms
GET	/sw.js	404	02ms
GET	/sw.js	404	02ms
GET	/	200	08ms
GET	/css/jumia.css	404	01ms
GET	/materialize/css/materialize.css	404	02ms
GET	/materialize/css/materialize.min.css	404	04ms
GET	/jumia.js	404	04ms
GET	/materialize/js/materialize.js	404	03ms
GET	/materialize/js/materialize.min.js	404	03ms
GET	/jumia.js	404	01ms
GET	/materialize/js/materialize.js	404	01ms
GET	/materialize/js/materialize.min.js	404	00ms
GET	/sw.js	404	12ms
GET	/sw.js	404	02ms
GET	/	200	10ms
GET	/css/jumia.css	404	01ms
GET	/materialize/css/materialize.css	404	03ms
GET	/materialize/css/materialize.min.css	404	02ms
GET	/jumia.js	404	02ms
GET	/materialize/js/materialize.js	404	03ms
GET	/materialize/js/materialize.min.js	404	02ms
GET	/materialize/css/materialize.css	404	04ms
GET	/materialize/css/materialize.min.css	404	04ms
GET	/jumia.js	404	00ms
GET	/materialize/js/materialize.js	404	00ms
GET	/materialize/js/materialize.min.js	404	00ms
GET	/sw.js	404	02ms
GET	/sw.js	404	02ms
GET	/	200	13ms
GET	/css/jumia.css	404	02ms
GET	/materialize/css/materialize.css	404	01ms
GET	/materialize/css/materialize.min.css	404	02ms
GET	/jumia.js	404	03ms
GET	/materialize/js/materialize.js	404	01ms
GET	/materialize/js/materialize.min.js	404	01ms
GET	/materialize/css/materialize.css	404	01ms
GET	/materialize/css/materialize.min.css	404	01ms
GET	/jumia.js	404	02ms
GET	/materialize/js/materialize.js	404	01ms
GET	/materialize/js/materialize.min.js	404	01ms
GET	/sw.js	404	02ms
GET	/	200	17ms
GET	/css/jumia.css	404	01ms
GET	/materialize/css/materialize.css	404	01ms
GET	/materialize/css/materialize.min.css	404	05ms
GET	/jumia.js	404	05ms
GET	/materialize/js/materialize.min.js	404	02ms
GET	/materialize/js/materialize.js	404	02ms
GET	/jumia.js	404	02ms
GET	/materialize/js/materialize.js	404	01ms
GET	/materialize/js/materialize.min.js	404	00ms
GET	/sw.js	404	02ms
POST	/	404	01ms
GET	/sw.js	404	02ms
GET	/sw.js	404	02ms
GET	/sw.js	404	02ms
GET	/	200	18ms
GET	/css/jumia.css	404	02ms
GET	/materialize/css/materialize.css	404	02ms
GET	/materialize/css/materialize.min.css	404	04ms
GET	/jumia.js	404	03ms
GET	/materialize/js/materialize.js	404	04ms
GET	/materialize/js/materialize.min.js	404	01ms
GET	/materialize/css/materialize.css	404	01ms
GET	/materialize/css/materialize.min.css	404	01ms
GET	/jumia.js	404	01ms
GET	/materialize/js/materialize.js	404	01ms
GET	/materialize/js/materialize.min.js	404	01ms
GET	/	304	16ms
GET	/css/jumia.css	404	03ms
GET	/materialize/css/materialize.css	404	02ms
GET	/materialize/css/materialize.min.css	404	02ms
GET	/jumia.js	404	02ms
GET	/materialize/js/materialize.js	404	02ms
GET	/materialize/js/materialize.min.js	404	03ms
GET	/materialize/css/materialize.css	404	01ms
GET	/	304	08ms
GET	/jumia.js	404	01ms
GET	/css/jumia.css	404	02ms
GET	/materialize/css/materialize.css	404	02ms
GET	/materialize/css/materialize.min.css	404	02ms
GET	/jumia.js	404	02ms
GET	/materialize/js/materialize.js	404	09ms
GET	/materialize/js/materialize.min.js	404	01ms
GET	/jumia.js	404	01ms
GET	/	304	05ms
GET	/materialize/js/materialize.js	404	01ms
GET	/css/jumia.css	404	01ms
GET	/materialize/css/materialize.css	404	01ms
GET	/materialize/css/materialize.min.css	404	02ms
GET	/jumia.js	404	02ms
GET	/materialize/js/materialize.js	404	03ms
GET	/materialize/js/materialize.min.js	404	01ms
GET	/jumia.js	404	04ms
GET	/materialize/js/materialize.js	404	00ms
GET	/materialize/js/materialize.min.js	404	00ms
GET	/sw.js	404	02ms
GET	/sw.js	404	02ms
GET	/sw.js	404	01ms
GET	/	200	10ms
GET	/css/jumia.css	404	01ms
GET	/materialize/css/materialize.css	404	01ms
GET	/materialize/css/materialize.min.css	404	01ms
GET	/jumia.js	404	04ms
GET	/materialize/js/materialize.js	404	01ms
GET	/materialize/js/materialize.min.js	404	01ms
GET	/materialize/css/materialize.css	404	02ms
GET	/materialize/css/materialize.min.css	404	01ms
GET	/jumia.js	404	02ms
GET	/materialize/js/materialize.js	404	01ms
GET	/materialize/js/materialize.min.js	404	01ms
GET	/	304	14ms
GET	/css/jumia.css	404	02ms
GET	/materialize/css/materialize.css	404	03ms
GET	/materialize/css/materialize.min.css	404	02ms
GET	/jumia.js	404	03ms
GET	/materialize/js/materialize.js	404	03ms
GET	/materialize/js/materialize.min.js	404	03ms
GET	/materialize/css/materialize.css	404	02ms
GET	/	304	05ms
GET	/jumia.js	404	01ms
GET	/css/jumia.css	404	01ms
GET	/materialize/css/materialize.css	404	01ms
GET	/materialize/css/materialize.min.css	404	02ms
GET	/jumia.js	404	02ms
GET	/materialize/js/materialize.js	404	02ms
GET	/materialize/js/materialize.min.js	404	01ms
GET	/jumia.js	404	01ms
GET	/materialize/js/materialize.js	404	00ms
GET	/materialize/js/materialize.min.js	404	00ms
GET	/	304	05ms
GET	/css/jumia.css	404	01ms
GET	/materialize/css/materialize.css	404	02ms
GET	/materialize/css/materialize.min.css	404	03ms
GET	/jumia.js	404	03ms
GET	/materialize/js/materialize.js	404	01ms
GET	/materialize/js/materialize.min.js	404	02ms
GET	/jumia.js	404	02ms
GET	/materialize/js/materialize.js	404	01ms
GET	/	304	16ms
GET	/materialize/js/materialize.min.js	404	02ms
GET	/css/jumia.css	404	01ms
GET	/materialize/css/materialize.css	404	02ms
GET	/materialize/css/materialize.min.css	404	03ms
GET	/jumia.js	404	04ms
GET	/materialize/js/materialize.js	404	02ms
GET	/materialize/js/materialize.min.js	404	02ms
GET	/jumia.js	404	01ms
GET	/	304	06ms
GET	/materialize/js/materialize.js	404	01ms
GET	/css/jumia.css	404	01ms
GET	/materialize/css/materialize.css	404	01ms
GET	/materialize/css/materialize.min.css	404	02ms
GET	/jumia.js	404	03ms
GET	/materialize/js/materialize.js	404	02ms
GET	/materialize/js/materialize.min.js	404	03ms
GET	/jumia.js	404	01ms
GET	/materialize/js/materialize.js	404	01ms
GET	/materialize/js/materialize.min.js	404	00ms
GET	/	304	18ms
GET	/css/jumia.css	404	03ms
GET	/materialize/css/materialize.css	404	03ms
GET	/materialize/css/materialize.min.css	404	04ms
GET	/jumia.js	404	03ms
GET	/materialize/js/materialize.js	404	04ms
GET	/materialize/js/materialize.min.js	404	05ms
GET	/jumia.js	404	01ms
GET	/materialize/js/materialize.js	404	01ms
GET	/	304	25ms
GET	/materialize/js/materialize.min.js	404	01ms
GET	/css/jumia.css	404	01ms
GET	/materialize/css/materialize.css	404	02ms
GET	/materialize/css/materialize.min.css	404	01ms
GET	/jumia.js	404	01ms
GET	/materialize/js/materialize.js	404	01ms
GET	/materialize/js/materialize.min.js	404	01ms
GET	/materialize/css/materialize.css	404	01ms
GET	/materialize/css/materialize.min.css	404	01ms
GET	/jumia.js	404	01ms
GET	/materialize/js/materialize.js	404	00ms
GET	/materialize/js/materialize.min.js	404	00ms
GET	/	304	19ms
GET	/css/jumia.css	404	02ms
GET	/materialize/css/materialize.css	404	02ms
GET	/materialize/css/materialize.min.css	404	04ms
GET	/jumia.js	404	04ms
GET	/materialize/js/materialize.js	404	03ms
GET	/materialize/js/materialize.min.js	404	03ms
GET	/materialize/css/materialize.css	404	01ms
GET	/materialize/css/materialize.min.css	404	01ms
GET	/jumia.js	404	01ms
GET	/materialize/js/materialize.js	404	00ms
GET	/materialize/js/materialize.min.js	404	00ms
GET	/	304	06ms
GET	/css/jumia.css	404	01ms
GET	/materialize/css/materialize.css	404	02ms
GET	/materialize/css/materialize.min.css	404	01ms
GET	/jumia.js	404	02ms
GET	/materialize/js/materialize.js	404	02ms
GET	/materialize/js/materialize.min.js	404	01ms
GET	/jumia.js	404	03ms
GET	/materialize/js/materialize.js	404	01ms
GET	/materialize/js/materialize.min.js	404	00ms
GET	/	304	15ms
GET	/css/jumia.css	404	02ms
GET	/materialize/css/materialize.css	404	02ms
GET	/materialize/css/materialize.min.css	404	02ms
GET	/jumia.js	404	04ms
GET	/materialize/js/materialize.js	404	02ms
GET	/materialize/js/materialize.min.js	404	01ms
GET	/	304	07ms
GET	/materialize/css/materialize.css	404	02ms
GET	/materialize/css/materialize.min.css	404	02ms
GET	/css/jumia.css	404	01ms
GET	/materialize/css/materialize.css	404	02ms
GET	/materialize/css/materialize.min.css	404	03ms
GET	/jumia.js	404	02ms
GET	/materialize/js/materialize.js	404	02ms
GET	/materialize/js/materialize.min.js	404	02ms
GET	/jumia.js	404	01ms
GET	/materialize/js/materialize.js	404	01ms
GET	/materialize/js/materialize.min.js	404	01ms
GET	/	304	07ms
GET	/css/jumia.css	404	01ms
GET	/materialize/css/materialize.css	404	02ms
GET	/materialize/css/materialize.min.css	404	02ms
GET	/jumia.js	404	02ms
GET	/materialize/js/materialize.js	404	01ms
GET	/materialize/js/materialize.min.js	404	02ms
GET	/jumia.js	404	01ms
GET	/materialize/js/materialize.js	404	00ms
GET	/materialize/js/materialize.min.js	404	00ms
GET	/	304	04ms
GET	/css/jumia.css	404	02ms
GET	/materialize/css/materialize.css	404	04ms
GET	/materialize/css/materialize.min.css	404	05ms
GET	/jumia.js	404	04ms
GET	/materialize/js/materialize.js	404	03ms
GET	/materialize/js/materialize.min.js	404	02ms
GET	/jumia.js	404	01ms
GET	/	304	10ms
GET	/materialize/js/materialize.js	404	01ms
GET	/css/jumia.css	404	02ms
GET	/materialize/css/materialize.css	404	03ms
GET	/materialize/css/materialize.min.css	404	03ms
GET	/jumia.js	404	03ms
GET	/materialize/js/materialize.js	404	03ms
GET	/materialize/js/materialize.min.js	404	03ms
GET	/jumia.js	404	01ms
GET	/	304	04ms
GET	/materialize/js/materialize.js	404	01ms
GET	/css/jumia.css	404	01ms
GET	/materialize/css/materialize.css	404	02ms
GET	/materialize/css/materialize.min.css	404	02ms
GET	/jumia.js	404	02ms
GET	/materialize/js/materialize.js	404	01ms
GET	/materialize/js/materialize.min.js	404	01ms
GET	/jumia.js	404	01ms
GET	/materialize/js/materialize.js	404	00ms
GET	/materialize/js/materialize.min.js	404	00ms
GET	/sw.js	404	02ms
GET	/sw.js	404	01ms
GET	/	200	08ms
GET	/css/jumia.css	404	01ms
GET	/materialize/css/materialize.css	404	01ms
GET	/materialize/css/materialize.min.css	404	02ms
GET	/jumia.js	404	03ms
GET	/materialize/js/materialize.js	404	02ms
GET	/materialize/js/materialize.min.js	404	01ms
GET	/jumia.js	404	00ms
GET	/materialize/js/materialize.js	404	01ms
GET	/materialize/js/materialize.min.js	404	00ms
GET	/sw.js	404	02ms
GET	/	200	11ms
GET	/css/jumia.css	404	01ms
GET	/materialize/css/materialize.css	404	02ms
GET	/materialize/css/materialize.min.css	404	02ms
GET	/jumia.js	404	02ms
GET	/materialize/js/materialize.min.js	404	01ms
GET	/materialize/js/materialize.js	404	01ms
GET	/materialize/css/materialize.css	404	00ms
GET	/jumia.js	404	01ms
GET	/materialize/js/materialize.js	404	01ms
GET	/materialize/js/materialize.min.js	404	00ms
GET	/sw.js	404	02ms
GET	/	200	07ms
GET	/css/jumia.css	404	01ms
GET	/materialize/css/materialize.css	404	01ms
GET	/materialize/css/materialize.min.css	404	04ms
GET	/jumia.js	404	05ms
GET	/materialize/js/materialize.js	404	05ms
GET	/materialize/js/materialize.min.js	404	05ms
GET	/jumia.js	404	00ms
GET	/materialize/js/materialize.js	404	00ms
GET	/materialize/js/materialize.min.js	404	00ms
GET	/sw.js	404	02ms
GET	/	304	12ms
GET	/css/jumia.css	404	03ms
GET	/materialize/css/materialize.css	404	04ms
GET	/materialize/css/materialize.min.css	404	04ms
GET	/jumia.js	404	01ms
GET	/materialize/js/materialize.js	404	02ms
GET	/materialize/js/materialize.min.js	404	02ms
GET	/materialize/css/materialize.css	404	03ms
GET	/materialize/css/materialize.min.css	404	02ms
GET	/jumia.js	404	01ms
GET	/materialize/js/materialize.js	404	01ms
GET	/materialize/js/materialize.min.js	404	01ms
GET	/	304	19ms
GET	/css/jumia.css	404	01ms
GET	/materialize/css/materialize.css	404	02ms
GET	/materialize/css/materialize.min.css	404	03ms
GET	/jumia.js	404	01ms
GET	/materialize/js/materialize.js	404	01ms
GET	/materialize/js/materialize.min.js	404	01ms
GET	/materialize/css/materialize.css	404	01ms
GET	/materialize/css/materialize.min.css	404	00ms
GET	/jumia.js	404	04ms
GET	/materialize/js/materialize.js	404	01ms
GET	/materialize/js/materialize.min.js	404	00ms
GET	/sw.js	404	02ms
GET	/	200	13ms
GET	/css/jumia.css	404	01ms
GET	/materialize/css/materialize.css	404	01ms
GET	/materialize/css/materialize.min.css	404	01ms
GET	/jumia.js	404	01ms
GET	/materialize/js/materialize.js	404	02ms
GET	/materialize/js/materialize.min.js	404	03ms
GET	/materialize/css/materialize.css	404	01ms
GET	/materialize/css/materialize.min.css	404	01ms
GET	/jumia.js	404	01ms
GET	/materialize/js/materialize.js	404	01ms
GET	/materialize/js/materialize.min.js	404	00ms
GET	/sw.js	404	02ms
GET	/	200	27ms
GET	/css/jumia.css	404	02ms
GET	/materialize/css/materialize.css	404	01ms
GET	/materialize/css/materialize.min.css	404	01ms
GET	/jumia.js	404	01ms
GET	/materialize/js/materialize.js	404	02ms
GET	/materialize/js/materialize.min.js	404	02ms
GET	/materialize/css/materialize.css	404	00ms
GET	/jumia.js	404	00ms
GET	/materialize/js/materialize.js	404	02ms
GET	/materialize/js/materialize.min.js	404	00ms
GET	/sw.js	404	00ms
GET	/	200	04ms
GET	/css/jumia.css	404	01ms
GET	/materialize/css/materialize.css	404	02ms
GET	/materialize/js/materialize.js	404	04ms
GET	/materialize/css/materialize.min.css	404	02ms
GET	/jumia.js	404	02ms
GET	/materialize/js/materialize.min.js	404	03ms
GET	/jumia.js	404	00ms
GET	/materialize/js/materialize.js	404	00ms
GET	/materialize/js/materialize.min.js	404	02ms
GET	/sw.js	404	00ms
GET	/sw.js	404	00ms
GET	/	304	05ms
GET	/css/jumia.css	404	01ms
GET	/materialize/css/materialize.css	404	01ms
GET	/materialize/css/materialize.min.css	404	01ms
GET	/	200	23ms
GET	/css/jumia.css	404	01ms
GET	/materialize/css/materialize.css	404	02ms
GET	/materialize/css/materialize.min.css	404	01ms
GET	/jumia.js	404	01ms
GET	/materialize/js/materialize.js	404	01ms
GET	/materialize/js/materialize.min.js	404	02ms
GET	/jumia.js	404	01ms
GET	/materialize/js/materialize.js	404	00ms
GET	/materialize/js/materialize.min.js	404	00ms
GET	/sw.js	404	00ms
GET	/sw.js	404	00ms
GET	/	200	04ms
GET	/css/jumia.css	404	01ms
GET	/materialize/css/materialize.css	404	02ms
GET	/jumia.js	404	01ms
GET	/materialize/js/materialize.js	404	01ms
GET	/materialize/js/materialize.min.js	404	02ms
GET	/materialize/css/materialize.min.css	404	02ms
GET	/jumia.js	404	01ms
GET	/materialize/js/materialize.js	404	00ms
GET	/materialize/js/materialize.min.js	404	00ms
GET	/sw.js	404	00ms
GET	/	200	15ms
GET	/css/jumia.css	404	01ms
GET	/materialize/css/materialize.css	404	02ms
GET	/materialize/css/materialize.min.css	404	05ms
GET	/jumia.js	404	01ms
GET	/materialize/js/materialize.js	404	01ms
GET	/materialize/js/materialize.min.js	404	01ms
GET	/jumia.js	404	00ms
GET	/materialize/js/materialize.js	404	01ms
GET	/materialize/js/materialize.min.js	404	00ms
GET	/sw.js	404	00ms
GET	/	200	05ms
GET	/css/jumia.css	404	02ms
GET	/materialize/css/materialize.css	404	01ms
GET	/materialize/css/materialize.min.css	404	01ms
GET	/jumia.js	404	03ms
GET	/materialize/js/materialize.js	404	02ms
GET	/materialize/js/materialize.min.js	404	02ms
GET	/jumia.js	404	01ms
GET	/materialize/js/materialize.js	404	01ms
GET	/materialize/js/materialize.min.js	404	01ms
GET	/sw.js	404	00ms
GET	/	200	03ms
GET	/css/jumia.css	404	01ms
GET	/materialize/css/materialize.css	404	01ms
GET	/materialize/css/materialize.min.css	404	01ms
GET	/jumia.js	404	01ms
GET	/materialize/js/materialize.js	404	01ms
GET	/materialize/js/materialize.min.js	404	01ms
GET	/materialize/css/materialize.css	404	01ms
GET	/jumia.js	404	01ms
GET	/materialize/js/materialize.js	404	01ms
GET	/materialize/js/materialize.min.js	404	00ms
GET	/sw.js	404	00ms
GET	/sw.js	404	00ms
GET	/	200	86ms
GET	/css/jumia.css	404	02ms
GET	/materialize/css/materialize.css	404	02ms
GET	/materialize/css/materialize.min.css	404	02ms
GET	/jumia.js	404	02ms
GET	/materialize/js/materialize.js	404	02ms
GET	/materialize/js/materialize.min.js	404	01ms
GET	/jumia.js	404	02ms
GET	/materialize/js/materialize.js	404	00ms
GET	/materialize/js/materialize.min.js	404	00ms
GET	/	304	03ms
GET	/css/jumia.css	404	01ms
GET	/materialize/css/materialize.css	404	00ms
GET	/materialize/css/materialize.min.css	404	00ms
GET	/jumia.js	404	01ms
GET	/materialize/js/materialize.min.js	404	01ms
GET	/materialize/js/materialize.js	404	01ms
GET	/materialize/css/materialize.css	404	01ms
GET	/materialize/css/materialize.min.css	404	00ms
GET	/jumia.js	404	00ms
GET	/materialize/js/materialize.js	404	01ms
GET	/materialize/js/materialize.min.js	404	03ms
GET	/sw.js	404	00ms
GET	/	304	07ms
GET	/css/jumia.css	404	02ms
GET	/materialize/css/materialize.css	404	02ms
GET	/materialize/css/materialize.min.css	404	03ms
GET	/jumia.js	404	04ms
GET	/materialize/js/materialize.min.js	404	04ms
GET	/materialize/js/materialize.js	404	05ms
GET	/jumia.js	404	01ms
GET	/materialize/js/materialize.js	404	02ms
GET	/	304	08ms
GET	/materialize/js/materialize.min.js	404	00ms
GET	/css/jumia.css	404	00ms
GET	/materialize/css/materialize.css	404	01ms
GET	/materialize/css/materialize.min.css	404	01ms
GET	/jumia.js	404	01ms
GET	/materialize/js/materialize.js	404	02ms
GET	/materialize/js/materialize.min.js	404	01ms
GET	/materialize/css/materialize.css	404	01ms
GET	/materialize/css/materialize.min.css	404	01ms
GET	/jumia.js	404	00ms
GET	/materialize/js/materialize.js	404	01ms
GET	/materialize/js/materialize.min.js	404	00ms
GET	/sw.js	404	00ms
GET	/sw.js	404	00ms
GET	/	304	08ms
GET	/css/jumia.css	404	01ms
GET	/materialize/css/materialize.css	404	03ms
GET	/materialize/css/materialize.min.css	404	01ms
GET	/jumia.js	404	01ms
GET	/materialize/js/materialize.js	404	01ms
GET	/materialize/js/materialize.min.js	404	00ms
GET	/jumia.js	404	00ms
GET	/materialize/js/materialize.js	404	00ms
GET	/materialize/js/materialize.min.js	404	00ms
GET	/sw.js	404	00ms
GET	/	304	04ms
GET	/css/jumia.css	404	01ms
GET	/materialize/css/materialize.css	404	02ms
GET	/materialize/css/materialize.min.css	404	02ms
GET	/jumia.js	404	01ms
GET	/materialize/js/materialize.js	404	01ms
GET	/materialize/js/materialize.min.js	404	01ms
GET	/jumia.js	404	01ms
GET	/materialize/js/materialize.js	404	01ms
GET	/materialize/js/materialize.min.js	404	00ms
GET	/sw.js	404	00ms
POST	/	404	00ms
GET	/sw.js	404	00ms
GET	/sw.js	404	00ms
GET	/	200	05ms
GET	/css/jumia.css	404	02ms
GET	/materialize/css/materialize.css	404	01ms
GET	/materialize/css/materialize.min.css	404	01ms
GET	/materialize/js/materialize.js	404	01ms
GET	/jumia.js	404	02ms
GET	/materialize/js/materialize.min.js	404	01ms
GET	/jumia.js	404	01ms
GET	/materialize/js/materialize.js	404	00ms
GET	/materialize/js/materialize.min.js	404	01ms
GET	/	304	04ms
GET	/css/jumia.css	404	00ms
GET	/materialize/css/materialize.css	404	00ms
GET	/materialize/css/materialize.min.css	404	01ms
GET	/jumia.js	404	02ms
GET	/materialize/js/materialize.js	404	02ms
GET	/materialize/js/materialize.min.js	404	01ms
GET	/jumia.js	404	00ms
GET	/materialize/js/materialize.js	404	01ms
GET	/materialize/js/materialize.min.js	404	01ms
GET	/	304	04ms
GET	/css/jumia.css	404	01ms
GET	/materialize/css/materialize.css	404	02ms
GET	/materialize/css/materialize.min.css	404	02ms
GET	/jumia.js	404	02ms
GET	/materialize/js/materialize.js	404	03ms
GET	/materialize/js/materialize.min.js	404	01ms
GET	/jumia.js	404	01ms
GET	/sw.js	404	00ms
GET	/materialize/js/materialize.js	404	00ms
GET	/materialize/js/materialize.min.js	404	01ms
GET	/	304	05ms
GET	/css/jumia.css	404	01ms
GET	/materialize/css/materialize.css	404	01ms
GET	/materialize/css/materialize.min.css	404	01ms
GET	/jumia.js	404	02ms
GET	/materialize/js/materialize.js	404	02ms
GET	/materialize/js/materialize.min.js	404	02ms
GET	/jumia.js	404	00ms
GET	/materialize/js/materialize.js	404	01ms
GET	/materialize/js/materialize.min.js	404	00ms
GET	/	304	04ms
GET	/css/jumia.css	404	01ms
GET	/materialize/css/materialize.css	404	02ms
GET	/materialize/css/materialize.min.css	404	02ms
GET	/jumia.js	404	01ms
GET	/materialize/js/materialize.js	404	02ms
GET	/materialize/js/materialize.min.js	404	02ms
GET	/jumia.js	404	00ms
GET	/materialize/js/materialize.js	404	00ms
GET	/materialize/js/materialize.min.js	404	01ms
GET	/	304	06ms
GET	/css/jumia.css	404	01ms
GET	/materialize/css/materialize.css	404	01ms
GET	/materialize/css/materialize.min.css	404	00ms
GET	/jumia.js	404	01ms
GET	/materialize/js/materialize.js	404	01ms
GET	/materialize/js/materialize.min.js	404	02ms
GET	/materialize/css/materialize.css	404	01ms
GET	/materialize/css/materialize.min.css	404	00ms
GET	/jumia.js	404	00ms
GET	/materialize/js/materialize.js	404	01ms
GET	/materialize/js/materialize.min.js	404	00ms
GET	/sw.js	404	00ms
GET	/	304	05ms
GET	/css/jumia.css	404	03ms
GET	/materialize/css/materialize.css	404	01ms
GET	/materialize/css/materialize.min.css	404	01ms
GET	/jumia.js	404	01ms
GET	/materialize/js/materialize.js	404	01ms
GET	/materialize/js/materialize.min.js	404	00ms
GET	/materialize/css/materialize.css	404	01ms
GET	/materialize/css/materialize.min.css	404	01ms
GET	/jumia.js	404	01ms
GET	/materialize/js/materialize.js	404	00ms
GET	/materialize/js/materialize.min.js	404	00ms
GET	/	304	04ms
GET	/css/jumia.css	404	00ms
GET	/materialize/css/materialize.css	404	00ms
GET	/materialize/css/materialize.min.css	404	00ms
GET	/jumia.js	404	03ms
GET	/materialize/js/materialize.js	404	01ms
GET	/materialize/js/materialize.min.js	404	01ms
GET	/	304	05ms
GET	/css/jumia.css	404	01ms
GET	/materialize/css/materialize.css	404	01ms
GET	/materialize/css/materialize.min.css	404	01ms
GET	/jumia.js	404	02ms
GET	/materialize/js/materialize.js	404	01ms
GET	/materialize/js/materialize.min.js	404	00ms
GET	/materialize/css/materialize.css	404	01ms
GET	/materialize/css/materialize.min.css	404	01ms
GET	/jumia.js	404	00ms
GET	/materialize/js/materialize.js	404	00ms
GET	/materialize/js/materialize.min.js	404	01ms
GET	/sw.js	404	00ms
GET	/	200	03ms
GET	/css/jumia.css	404	01ms
GET	/materialize/css/materialize.css	404	02ms
GET	/materialize/css/materialize.min.css	404	02ms
GET	/jumia.js	404	03ms
GET	/materialize/js/materialize.js	404	03ms
GET	/materialize/js/materialize.min.js	404	04ms
GET	/jumia.js	404	00ms
GET	/materialize/js/materialize.js	404	01ms
GET	/materialize/js/materialize.min.js	404	00ms
GET	/sw.js	404	00ms
GET	/sw.js	404	00ms
POST	/	404	00ms
GET	/	200	06ms
GET	/css/jumia.css	404	01ms
GET	/materialize/css/materialize.css	404	01ms
GET	/materialize/css/materialize.min.css	404	01ms
GET	/jumia.js	404	01ms
GET	/materialize/js/materialize.js	404	01ms
GET	/materialize/js/materialize.min.js	404	00ms
GET	/jumia.js	404	01ms
GET	/	304	04ms
GET	/materialize/js/materialize.js	404	05ms
GET	/materialize/css/materialize.css	404	01ms
GET	/css/jumia.css	404	03ms
GET	/materialize/css/materialize.min.css	404	02ms
GET	/jumia.js	404	02ms
GET	/materialize/js/materialize.js	404	02ms
GET	/materialize/js/materialize.min.js	404	02ms
GET	/materialize/css/materialize.css	404	01ms
GET	/jumia.js	404	00ms
GET	/materialize/js/materialize.js	404	00ms
GET	/materialize/js/materialize.min.js	404	00ms
GET	/sw.js	404	00ms
GET	/	200	04ms
GET	/css/jumia.css	404	01ms
GET	/materialize/css/materialize.css	404	03ms
GET	/materialize/css/materialize.min.css	404	01ms
GET	/jumia.js	404	01ms
GET	/materialize/js/materialize.js	404	01ms
GET	/materialize/js/materialize.min.js	404	01ms
GET	/jumia.js	404	00ms
GET	/materialize/js/materialize.js	404	00ms
GET	/materialize/js/materialize.min.js	404	00ms
GET	/	304	04ms
GET	/css/jumia.css	404	00ms
GET	/materialize/css/materialize.css	404	00ms
GET	/materialize/css/materialize.min.css	404	01ms
GET	/jumia.js	404	01ms
GET	/materialize/js/materialize.js	404	02ms
GET	/materialize/js/materialize.min.js	404	03ms
GET	/jumia.js	404	02ms
GET	/materialize/js/materialize.js	404	00ms
GET	/materialize/js/materialize.min.js	404	00ms
GET	/sw.js	404	00ms
GET	/sw.js	404	00ms
GET	/	200	05ms
GET	/css/jumia.css	404	01ms
GET	/materialize/css/materialize.css	404	03ms
GET	/materialize/css/materialize.min.css	404	01ms
GET	/jumia.js	404	01ms
GET	/materialize/js/materialize.js	404	01ms
GET	/materialize/js/materialize.min.js	404	00ms
GET	/jumia.js	404	01ms
GET	/materialize/js/materialize.js	404	00ms
GET	/materialize/js/materialize.min.js	404	00ms
GET	/sw.js	404	00ms
GET	/	200	05ms
GET	/css/jumia.css	404	03ms
GET	/materialize/css/materialize.css	404	04ms
GET	/materialize/css/materialize.min.css	404	04ms
GET	/jumia.js	404	00ms
GET	/materialize/js/materialize.js	404	01ms
GET	/materialize/js/materialize.min.js	404	00ms
GET	/jumia.js	404	00ms
GET	/materialize/js/materialize.js	404	00ms
GET	/materialize/js/materialize.min.js	404	00ms
GET	/sw.js	404	01ms
GET	/sw.js	404	04ms
GET	/	304	29ms
GET	/css/jumia.css	404	03ms
GET	/materialize/css/materialize.css	404	03ms
GET	/materialize/css/materialize.min.css	404	04ms
GET	/jumia.js	404	02ms
GET	/materialize/js/materialize.js	404	02ms
GET	/materialize/js/materialize.min.js	404	01ms
GET	/jumia.js	404	01ms
GET	/materialize/js/materialize.js	404	00ms
GET	/materialize/js/materialize.min.js	404	01ms
GET	/sw.js	404	01ms
